2021-08-24 20:35:15.065861 | WARNING  | set_benchmark (L200) | taking log10 of mass of 49
2021-08-24 20:35:15.075480 | WARNING  | _fix_parameters (L261) | No prior was set so using Evans_2019
2021-08-24 20:35:15.094853 | WARNING  | _print_before_run (L166) | 
            --------------------------------------------------
            2021-08-24T20:35
	Final print of all of the set options:
            self.config['tol'] = 0.1
            self.config['nlive'] = 10
            self.config["sampler"] = multinest
            self.log = <Logger NestedSamplerStatModel (WARNING)>
            self.result = False
            self.config["fit_parameters"] = ('log_mass', 'log_cross_section')
            halo_model = shm with:
                v_0 = {'v_0': 233.0, 'v_esc': 528.0, 'rho_dm': 0.5499999999999999}
            self.benchmark_values = [0.00000000e+00 3.13386810e+02 1.10614874e+02 3.62138834e+01
 1.08443839e+01 2.88974841e+00 6.48852001e-01 1.08418198e-01
 9.02937339e-03 2.16704414e-05]
            self.config = {'detector': 'Xe', 'detector_config': {'material': 'Xe', 'type': 'SI', 'exp': 5.0, 'cut_eff': 0.8, 'nr_eff': 0.5, 'E_thr': 10.0, 'location': 'XENON', 'res': <function det_res_Xe at 0x7fa53e1bf940>, 'n_energy_bins': 10, 'E_max': 100, 'exp_eff': 2.0, 'name': 'Xe', 'E_min': 0}, 'n_energy_bins': 10, 'earth_shielding': False, 'E_max': 100, 'notes': 'default', 'start': datetime.datetime(2021, 8, 24, 20, 35, 15, 64908), 'prior': {'log_mass': {'range': [0.1, 3], 'prior_type': 'flat', 'param': [0.1, 3], 'dist': <function flat_prior_distribution at 0x7fa535b065e0>}, 'log_cross_section': {'range': [-46, -42], 'prior_type': 'flat', 'param': [-46, -42], 'dist': <function flat_prior_distribution at 0x7fa535b065e0>}, 'density': {'range': [0.001, 0.9], 'prior_type': 'gauss', 'mean': 0.55, 'std': 0.17, 'param': (0.55, 0.17), 'dist': <function gauss_prior_distribution at 0x7fa535b06670>}, 'v_0': {'range': [80, 380], 'prior_type': 'gauss', 'mean': 233, 'std': 3, 'param': (233, 3), 'dist': <function gauss_prior_distribution at 0x7fa535b06670>}, 'v_esc': {'range': [379, 709], 'prior_type': 'gauss', 'mean': 528, 'std': 24.5, 'param': (528, 24.5), 'dist': <function gauss_prior_distribution at 0x7fa535b06670>}}, 'mw': 1.6901960800285136, 'sigma': -45, 'halo_model': <DirectDmTargets.halo.SHM object at 0x7fa531d5d4f0>, 'spectrum_class': <class 'DirectDmTargets.detector.DetectorSpectrum'>, 'logging': '/tmp/log_2021-08-24T20:35.log', 'tol': 0.1, 'nlive': 10, 'sampler': 'multinest', 'fit_parameters': ('log_mass', 'log_cross_section'), 'benchmark_values': [0.0, 313.38680998525007, 110.61487443808899, 36.2138834016811, 10.84438385753375, 2.8897484103411952, 0.6488520014458327, 0.10841819823253414, 0.009029373392532711, 2.167044138768974e-05]}
            --------------------------------------------------
            
2021-08-24 20:35:15.127434 | WARNING  | run_multinest (L203) | start_fit for 2 parameters
2021-08-24 20:35:18.029953 | WARNING  | _fix_parameters (L261) | No prior was set so using Evans_2019
2021-08-24 20:35:18.031363 | WARNING  | _fix_parameters (L265) | No WIMP mass was set so using 50 GeV
2021-08-24 20:35:18.056149 | WARNING  | _print_before_run (L166) | 
            --------------------------------------------------
            2021-08-24T20:35
	Final print of all of the set options:
            self.config['tol'] = 0.1
            self.config['nlive'] = 10
            self.config["sampler"] = multinest
            self.log = <Logger NestedSamplerStatModel (WARNING)>
            self.result = False
            self.config["fit_parameters"] = ('log_mass', 'log_cross_section', 'v_0', 'v_esc', 'density')
            halo_model = shm with:
                v_0 = {'v_0': 233.0, 'v_esc': 528.0, 'rho_dm': 0.5499999999999999}
            self.benchmark_values = [0.00000000e+00 3.13200494e+02 1.12311978e+02 3.74049961e+01
 1.14110106e+01 3.10325528e+00 7.12986536e-01 1.22433408e-01
 1.05611364e-02 2.66617499e-05]
            self.config = {'detector': 'Xe', 'detector_config': {'material': 'Xe', 'type': 'SI', 'exp': 5.0, 'cut_eff': 0.8, 'nr_eff': 0.5, 'E_thr': 10.0, 'location': 'XENON', 'res': <function det_res_Xe at 0x7fa53e1bf940>, 'n_energy_bins': 10, 'E_max': 100, 'exp_eff': 2.0, 'name': 'Xe', 'E_min': 0}, 'n_energy_bins': 10, 'earth_shielding': False, 'E_max': 100, 'notes': 'default', 'start': datetime.datetime(2021, 8, 24, 20, 35, 18, 26357), 'prior': {'log_mass': {'range': [0.1, 3], 'prior_type': 'flat', 'param': [0.1, 3], 'dist': <function flat_prior_distribution at 0x7fa535b065e0>}, 'log_cross_section': {'range': [-46, -42], 'prior_type': 'flat', 'param': [-46, -42], 'dist': <function flat_prior_distribution at 0x7fa535b065e0>}, 'density': {'range': [0.001, 0.9], 'prior_type': 'gauss', 'mean': 0.55, 'std': 0.17, 'param': (0.55, 0.17), 'dist': <function gauss_prior_distribution at 0x7fa535b06670>}, 'v_0': {'range': [80, 380], 'prior_type': 'gauss', 'mean': 233, 'std': 3, 'param': (233, 3), 'dist': <function gauss_prior_distribution at 0x7fa535b06670>}, 'v_esc': {'range': [379, 709], 'prior_type': 'gauss', 'mean': 528, 'std': 24.5, 'param': (528, 24.5), 'dist': <function gauss_prior_distribution at 0x7fa535b06670>}}, 'mw': 1.6989700043360187, 'sigma': -45, 'halo_model': <DirectDmTargets.halo.SHM object at 0x7fa5315e00a0>, 'spectrum_class': <class 'DirectDmTargets.detector.DetectorSpectrum'>, 'logging': '/tmp/log_2021-08-24T20:35.log', 'tol': 0.1, 'nlive': 10, 'sampler': 'multinest', 'fit_parameters': ('log_mass', 'log_cross_section', 'v_0', 'v_esc', 'density'), 'benchmark_values': [0.0, 313.2004941787957, 112.31197756902188, 37.404996078985, 11.411010608177861, 3.103255278166725, 0.7129865357095854, 0.12243340839132748, 0.010561136409947512, 2.666174989365519e-05]}
            --------------------------------------------------
            
