2021-08-24 20:50:43.224437 | WARNING  | _fix_parameters (L263) | No prior was set so using Evans_2019
2021-08-24 20:50:43.225011 | WARNING  | _fix_parameters (L267) | No WIMP mass was set so using 50 GeV
2021-08-24 20:50:43.588583 | WARNING  | _print_before_run (L166) | 
            --------------------------------------------------
            2021-08-24T20:50
	Final print of all of the set options:
            self.config['tol'] = 0.1
            self.config['nlive'] = 1024
            self.config["sampler"] = multinest
            self.log = <Logger NestedSamplerStatModel (WARNING)>
            self.result = False
            self.config["fit_parameters"] = ('log_mass', 'log_cross_section')
            halo_model = shm with:
                v_0 = {'v_0': 232.99999999999997, 'v_esc': 528.0, 'rho_dm': 0.55}
            self.benchmark_values = [0.00000000e+00 3.13200494e+02 1.12311978e+02 3.74049961e+01
 1.14110106e+01 3.10325528e+00 7.12986536e-01 1.22433408e-01
 1.05611364e-02 2.66617499e-05]
            self.config = {'detector': 'Xe', 'detector_config': {'material': 'Xe', 'type': 'SI', 'exp': 5.0, 'cut_eff': 0.8, 'nr_eff': 0.5, 'E_thr': 10.0, 'location': 'XENON', 'res': <function det_res_Xe at 0x7fd8808d85e0>, 'n_energy_bins': 10, 'E_max': 100, 'exp_eff': 2.0, 'name': 'Xe', 'E_min': 0}, 'n_energy_bins': 10, 'earth_shielding': False, 'E_max': 100, 'notes': 'default', 'start': datetime.datetime(2021, 8, 24, 20, 50, 43, 224237), 'prior': {'log_mass': {'range': [0.1, 3], 'prior_type': 'flat', 'param': [0.1, 3], 'dist': <function flat_prior_distribution at 0x7fd87829f280>}, 'log_cross_section': {'range': [-46, -42], 'prior_type': 'flat', 'param': [-46, -42], 'dist': <function flat_prior_distribution at 0x7fd87829f280>}, 'density': {'range': [0.001, 0.9], 'prior_type': 'gauss', 'mean': 0.55, 'std': 0.17, 'param': (0.55, 0.17), 'dist': <function gauss_prior_distribution at 0x7fd87829f310>}, 'v_0': {'range': [80, 380], 'prior_type': 'gauss', 'mean': 233, 'std': 3, 'param': (233, 3), 'dist': <function gauss_prior_distribution at 0x7fd87829f310>}, 'v_esc': {'range': [379, 709], 'prior_type': 'gauss', 'mean': 528, 'std': 24.5, 'param': (528, 24.5), 'dist': <function gauss_prior_distribution at 0x7fd87829f310>}}, 'mw': 1.6989700043360187, 'sigma': -45, 'halo_model': <DirectDmTargets.halo.SHM object at 0x7fd8782317c0>, 'spectrum_class': <class 'DirectDmTargets.detector.DetectorSpectrum'>, 'logging': '/tmp/log_2021-08-24T20:50.log', 'tol': 0.1, 'nlive': 1024, 'sampler': 'multinest', 'fit_parameters': ('log_mass', 'log_cross_section'), 'benchmark_values': [0.0, 313.20049417879545, 112.31197756902182, 37.404996078984915, 11.411010608177843, 3.1032552781667233, 0.7129865357095839, 0.12243340839132646, 0.01056113640994741, 2.6661749893657584e-05]}
            --------------------------------------------------
            
2021-08-24 20:50:43.590034 | WARNING  | _fix_parameters (L263) | No prior was set so using Evans_2019
2021-08-24 20:50:43.591094 | WARNING  | _fix_parameters (L267) | No WIMP mass was set so using 50 GeV
2021-08-24 20:50:43.617505 | WARNING  | _print_before_run (L166) | 
            --------------------------------------------------
            2021-08-24T20:50
	Final print of all of the set options:
            self.config['tol'] = 0.1
            self.config['nlive'] = 5
            self.config["sampler"] = multinest
            self.log = <Logger CombinedInference (WARNING)>
            self.result = False
            self.config["fit_parameters"] = ('log_mass', 'log_cross_section')
            halo_model = shm with:
                v_0 = {'v_0': 230.0, 'v_esc': 544.0000000000001, 'rho_dm': 0.3}
            self.benchmark_values = None
            self.config = {'detector': 'Combined', 'detector_config': {'type': 'combined'}, 'n_energy_bins': 10, 'earth_shielding': False, 'E_max': 100, 'notes': 'default', 'start': datetime.datetime(2021, 8, 24, 20, 50, 43, 223943), 'prior': {'log_mass': {'range': [0.1, 3], 'prior_type': 'flat', 'param': [0.1, 3], 'dist': <function flat_prior_distribution at 0x7fd87829f280>}, 'log_cross_section': {'range': [-46, -42], 'prior_type': 'flat', 'param': [-46, -42], 'dist': <function flat_prior_distribution at 0x7fd87829f280>}, 'density': {'range': [0.001, 0.9], 'prior_type': 'gauss', 'mean': 0.55, 'std': 0.17, 'param': (0.55, 0.17), 'dist': <function gauss_prior_distribution at 0x7fd87829f310>}, 'v_0': {'range': [80, 380], 'prior_type': 'gauss', 'mean': 233, 'std': 3, 'param': (233, 3), 'dist': <function gauss_prior_distribution at 0x7fd87829f310>}, 'v_esc': {'range': [379, 709], 'prior_type': 'gauss', 'mean': 528, 'std': 24.5, 'param': (528, 24.5), 'dist': <function gauss_prior_distribution at 0x7fd87829f310>}}, 'mw': None, 'sigma': None, 'halo_model': <DirectDmTargets.halo.SHM object at 0x7fd8ce8c1430>, 'spectrum_class': None, 'logging': '/tmp/log_2021-08-24T20:50.log', 'tol': 0.1, 'nlive': 5, 'sampler': 'multinest', 'fit_parameters': ('log_mass', 'log_cross_section'), 'sub_sets': ('Xe', 'Ge'), 'type': 'SI'}
            --------------------------------------------------
            
